[debug] [2021-11-25T07:36:39.911Z] ----------------------------------------------------------------------
[debug] [2021-11-25T07:36:39.915Z] Command:       C:\Program Files\nodejs\node.exe C:\Users\GUILHERME PEDRO\AppData\Roaming\npm\node_modules\firebase-tools\lib\bin\firebase.js emulators:start
[debug] [2021-11-25T07:36:39.916Z] CLI Version:   9.23.0
[debug] [2021-11-25T07:36:39.916Z] Platform:      win32
[debug] [2021-11-25T07:36:39.916Z] Node Version:  v16.13.0
[debug] [2021-11-25T07:36:39.919Z] Time:          Thu Nov 25 2021 04:36:39 GMT-0300 (Horário Padrão de Brasília)
[debug] [2021-11-25T07:36:39.919Z] ----------------------------------------------------------------------
[debug] 
[debug] [2021-11-25T07:36:40.023Z] > command requires scopes: ["email","openid","https://www.googleapis.com/auth/cloudplatformprojects.readonly","https://www.googleapis.com/auth/firebase","https://www.googleapis.com/auth/cloud-platform"]
[debug] [2021-11-25T07:36:40.024Z] > authorizing via signed-in user (guilhermepedrov@gmail.com)
[info] i  emulators: Starting emulators: functions, firestore, database, hosting, storage {"metadata":{"emulator":{"name":"hub"},"message":"Starting emulators: functions, firestore, database, hosting, storage"}}
[debug] [2021-11-25T07:36:40.086Z] [hub] writing locator at C:\Users\GUILHE~1\AppData\Local\Temp\hub-guipedro-projetos.json
[warn] !  functions: The following emulators are not running, calls to these services from the Functions emulator will affect production: auth, pubsub {"metadata":{"emulator":{"name":"functions"},"message":"The following emulators are not running, calls to these services from the Functions emulator will affect production: \u001b[1mauth, pubsub\u001b[22m"}}
[warn] !  Your requested "node" version "14" doesn't match your global version "16" {"metadata":{"emulator":{"name":"functions"},"message":"Your requested \"node\" version \"14\" doesn't match your global version \"16\""}}
[debug] [2021-11-25T07:36:40.426Z] defaultcredentials: writing to file C:\Users\GUILHERME PEDRO\AppData\Roaming\firebase\guilhermepedrov_gmail_com_application_default_credentials.json
[debug] [2021-11-25T07:36:40.446Z] Setting GAC to C:\Users\GUILHERME PEDRO\AppData\Roaming\firebase\guilhermepedrov_gmail_com_application_default_credentials.json {"metadata":{"emulator":{"name":"functions"},"message":"Setting GAC to C:\\Users\\GUILHERME PEDRO\\AppData\\Roaming\\firebase\\guilhermepedrov_gmail_com_application_default_credentials.json"}}
[debug] [2021-11-25T07:36:40.449Z] > refreshing access token with scopes: []
[debug] [2021-11-25T07:36:40.453Z] >>> HTTP REQUEST POST https://www.googleapis.com/oauth2/v3/token  
 <request body omitted>
[debug] [2021-11-25T07:36:40.661Z] <<< HTTP RESPONSE 200 {"date":"Thu, 25 Nov 2021 07:36:40 GMT","pragma":"no-cache","cache-control":"no-cache, no-store, max-age=0, must-revalidate","expires":"Mon, 01 Jan 1990 00:00:00 GMT","content-type":"application/json; charset=utf-8","vary":"X-Origin, Referer, Origin,Accept-Encoding","server":"scaffolding on HTTPServer2","x-xss-protection":"0","x-frame-options":"SAMEORIGIN","x-content-type-options":"nosniff","alt-svc":"h3=\":443\"; ma=2592000,h3-29=\":443\"; ma=2592000,h3-Q050=\":443\"; ma=2592000,h3-Q046=\":443\"; ma=2592000,h3-Q043=\":443\"; ma=2592000,quic=\":443\"; ma=2592000; v=\"46,43\"","accept-ranges":"none","transfer-encoding":"chunked"}
[debug] [2021-11-25T07:36:40.778Z] >>> [apiv2][query] GET https://firebase.googleapis.com/v1beta1/projects/guipedro-projetos/adminSdkConfig [none]
[debug] [2021-11-25T07:36:41.941Z] <<< [apiv2][status] GET https://firebase.googleapis.com/v1beta1/projects/guipedro-projetos/adminSdkConfig 200
[debug] [2021-11-25T07:36:41.941Z] <<< [apiv2][body] GET https://firebase.googleapis.com/v1beta1/projects/guipedro-projetos/adminSdkConfig {"projectId":"guipedro-projetos","databaseURL":"https://guipedro-projetos-default-rtdb.firebaseio.com","storageBucket":"guipedro-projetos.appspot.com","locationId":"southamerica-east1"}
[debug] [2021-11-25T07:36:42.015Z] Ignoring unsupported arg: projectId {"metadata":{"emulator":{"name":"firestore"},"message":"Ignoring unsupported arg: projectId"}}
[debug] [2021-11-25T07:36:42.016Z] Ignoring unsupported arg: auto_download {"metadata":{"emulator":{"name":"firestore"},"message":"Ignoring unsupported arg: auto_download"}}
[debug] [2021-11-25T07:36:42.016Z] Starting Firestore Emulator with command {"binary":"java","args":["-Dgoogle.cloud_firestore.debug_log_level=FINE","-Duser.language=en","-jar","C:\\Users\\GUILHERME PEDRO\\.cache\\firebase\\emulators\\cloud-firestore-emulator-v1.13.1.jar","--host","localhost","--port",8080,"--rules","C:\\Users\\GUILHERME PEDRO\\Desktop\\1-chat-4-all\\firestore.rules","--functions_emulator","localhost:5001"],"optionalArgs":["port","webchannel_port","host","rules","functions_emulator","seed_from_export"],"joinArgs":false} {"metadata":{"emulator":{"name":"firestore"},"message":"Starting Firestore Emulator with command {\"binary\":\"java\",\"args\":[\"-Dgoogle.cloud_firestore.debug_log_level=FINE\",\"-Duser.language=en\",\"-jar\",\"C:\\\\Users\\\\GUILHERME PEDRO\\\\.cache\\\\firebase\\\\emulators\\\\cloud-firestore-emulator-v1.13.1.jar\",\"--host\",\"localhost\",\"--port\",8080,\"--rules\",\"C:\\\\Users\\\\GUILHERME PEDRO\\\\Desktop\\\\1-chat-4-all\\\\firestore.rules\",\"--functions_emulator\",\"localhost:5001\"],\"optionalArgs\":[\"port\",\"webchannel_port\",\"host\",\"rules\",\"functions_emulator\",\"seed_from_export\"],\"joinArgs\":false}"}}
[info] i  firestore: Firestore Emulator logging to firestore-debug.log {"metadata":{"emulator":{"name":"firestore"},"message":"Firestore Emulator logging to \u001b[1mfirestore-debug.log\u001b[22m"}}
[debug] [2021-11-25T07:36:55.050Z] >>> [apiv2][query] GET https://firebase.googleapis.com/v1beta1/projects/guipedro-projetos [none]
[debug] [2021-11-25T07:36:56.094Z] <<< [apiv2][status] GET https://firebase.googleapis.com/v1beta1/projects/guipedro-projetos 200
[debug] [2021-11-25T07:36:56.094Z] <<< [apiv2][body] GET https://firebase.googleapis.com/v1beta1/projects/guipedro-projetos {"projectId":"guipedro-projetos","projectNumber":"476862245206","displayName":"guipedro-projetos","name":"projects/guipedro-projetos","resources":{"hostingSite":"guipedro-projetos","realtimeDatabaseInstance":"guipedro-projetos-default-rtdb","storageBucket":"guipedro-projetos.appspot.com","locationId":"southamerica-east1"},"state":"ACTIVE"}
[debug] [2021-11-25T07:36:56.095Z] database rules config:  [{"instance":"guipedro-projetos-default-rtdb","rules":"C:\\Users\\GUILHERME PEDRO\\Desktop\\1-chat-4-all\\database.rules.json"}]
[debug] [2021-11-25T07:36:56.099Z] Ignoring unsupported arg: projectId {"metadata":{"emulator":{"name":"database"},"message":"Ignoring unsupported arg: projectId"}}
[debug] [2021-11-25T07:36:56.100Z] Ignoring unsupported arg: auto_download {"metadata":{"emulator":{"name":"database"},"message":"Ignoring unsupported arg: auto_download"}}
[debug] [2021-11-25T07:36:56.100Z] Ignoring unsupported arg: rules {"metadata":{"emulator":{"name":"database"},"message":"Ignoring unsupported arg: rules"}}
[debug] [2021-11-25T07:36:56.100Z] Starting Database Emulator with command {"binary":"java","args":["-Duser.language=en","-jar","C:\\Users\\GUILHERME PEDRO\\.cache\\firebase\\emulators\\firebase-database-emulator-v4.7.2.jar","--host","localhost","--port",9000,"--functions_emulator_host","localhost","--functions_emulator_port",5001],"optionalArgs":["port","host","functions_emulator_port","functions_emulator_host"],"joinArgs":false} {"metadata":{"emulator":{"name":"database"},"message":"Starting Database Emulator with command {\"binary\":\"java\",\"args\":[\"-Duser.language=en\",\"-jar\",\"C:\\\\Users\\\\GUILHERME PEDRO\\\\.cache\\\\firebase\\\\emulators\\\\firebase-database-emulator-v4.7.2.jar\",\"--host\",\"localhost\",\"--port\",9000,\"--functions_emulator_host\",\"localhost\",\"--functions_emulator_port\",5001],\"optionalArgs\":[\"port\",\"host\",\"functions_emulator_port\",\"functions_emulator_host\"],\"joinArgs\":false}"}}
[info] i  database: Database Emulator logging to database-debug.log {"metadata":{"emulator":{"name":"database"},"message":"Database Emulator logging to \u001b[1mdatabase-debug.log\u001b[22m"}}
[debug] [2021-11-25T07:37:08.671Z] Ignoring unsupported arg: port {"metadata":{"emulator":{"name":"storage"},"message":"Ignoring unsupported arg: port"}}
[debug] [2021-11-25T07:37:09.728Z] Temp file directory for storage emulator: C:\Users\GUILHE~1\AppData\Local\Temp/firebase/storage/blobs {"metadata":{"emulator":{"name":"storage"},"message":"Temp file directory for storage emulator: C:\\Users\\GUILHE~1\\AppData\\Local\\Temp/firebase/storage/blobs"}}
[debug] [2021-11-25T07:37:11.807Z] >>> [apiv2][query] GET https://firebasehosting.googleapis.com/v1beta1/projects/guipedro-projetos/sites 
[debug] [2021-11-25T07:37:12.824Z] <<< [apiv2][status] GET https://firebasehosting.googleapis.com/v1beta1/projects/guipedro-projetos/sites 200
[debug] [2021-11-25T07:37:12.824Z] <<< [apiv2][body] GET https://firebasehosting.googleapis.com/v1beta1/projects/guipedro-projetos/sites {"sites":[{"name":"projects/476862245206/sites/guipedro-projetos","defaultUrl":"https://guipedro-projetos.web.app","type":"DEFAULT_SITE"}]}
[debug] [2021-11-25T07:37:12.825Z] >>> [apiv2][query] GET https://firebase.googleapis.com/v1beta1/projects/guipedro-projetos/webApps/-/config [none]
[debug] [2021-11-25T07:37:14.067Z] <<< [apiv2][status] GET https://firebase.googleapis.com/v1beta1/projects/guipedro-projetos/webApps/-/config 200
[debug] [2021-11-25T07:37:14.068Z] <<< [apiv2][body] GET https://firebase.googleapis.com/v1beta1/projects/guipedro-projetos/webApps/-/config {"projectId":"guipedro-projetos","appId":"1:476862245206:web:75362f0dbf0770d2c98ef7","databaseURL":"https://guipedro-projetos-default-rtdb.firebaseio.com","storageBucket":"guipedro-projetos.appspot.com","locationId":"southamerica-east1","apiKey":"AIzaSyBTFageyJSoagnJpTGuo2MIt2sgEaBwEuo","authDomain":"guipedro-projetos.firebaseapp.com","messagingSenderId":"476862245206","measurementId":"G-TCE8ZC1Y7H"}
[info] i  hosting: Serving hosting files from: public {"metadata":{"emulator":{"name":"hosting"},"message":"Serving hosting files from: \u001b[1mpublic\u001b[22m"}}
[info] +  hosting: Local server: http://localhost:5000 {"metadata":{"emulator":{"name":"hosting"},"message":"Local server: \u001b[4m\u001b[1mhttp://localhost:5000\u001b[22m\u001b[24m"}}
[debug] [2021-11-25T07:37:15.248Z] Ignoring unsupported arg: auto_download {"metadata":{"emulator":{"name":"ui"},"message":"Ignoring unsupported arg: auto_download"}}
[debug] [2021-11-25T07:37:15.248Z] Ignoring unsupported arg: port {"metadata":{"emulator":{"name":"ui"},"message":"Ignoring unsupported arg: port"}}
[debug] [2021-11-25T07:37:15.248Z] Starting Emulator UI with command {"binary":"node","args":["C:\\Users\\GUILHERME PEDRO\\.cache\\firebase\\emulators\\ui-v1.6.4\\server.bundle.js"],"optionalArgs":[],"joinArgs":false} {"metadata":{"emulator":{"name":"ui"},"message":"Starting Emulator UI with command {\"binary\":\"node\",\"args\":[\"C:\\\\Users\\\\GUILHERME PEDRO\\\\.cache\\\\firebase\\\\emulators\\\\ui-v1.6.4\\\\server.bundle.js\"],\"optionalArgs\":[],\"joinArgs\":false}"}}
[info] i  ui: Emulator UI logging to ui-debug.log {"metadata":{"emulator":{"name":"ui"},"message":"Emulator UI logging to \u001b[1mui-debug.log\u001b[22m"}}
[debug] [2021-11-25T07:37:15.681Z] Web / API server started at localhost:5010
 {"metadata":{"emulator":{"name":"ui"},"message":"Web / API server started at localhost:5010\n"}}
[info] i  functions: Watching "C:\Users\GUILHERME PEDRO\Desktop\1-chat-4-all\functions" for Cloud Functions... {"metadata":{"emulator":{"name":"functions"},"message":"Watching \"C:\\Users\\GUILHERME PEDRO\\Desktop\\1-chat-4-all\\functions\" for Cloud Functions..."}}
[debug] [2021-11-25T07:37:15.838Z] [worker-pool] addWorker(~diagnostic~) {"metadata":{"emulator":{"name":"functions"},"message":"[worker-pool] addWorker(~diagnostic~)"}}
[debug] [2021-11-25T07:37:15.839Z] [worker-pool] Adding worker with key ~diagnostic~, total=1 {"metadata":{"emulator":{"name":"functions"},"message":"[worker-pool] Adding worker with key ~diagnostic~, total=1"}}
[debug] [2021-11-25T07:37:15.839Z] [worker-pool] submitWork(triggerId=) {"metadata":{"emulator":{"name":"functions"},"message":"[worker-pool] submitWork(triggerId=)"}}
[debug] [2021-11-25T07:37:15.839Z] [worker-~diagnostic~-dcb18860-033a-4411-88ed-1cce3fbe3872]: Assigning socketPath: \\?\pipe\C:\Users\GUILHERME PEDRO\Desktop\1-chat-4-all\functions\10428 {"metadata":{"emulator":{"name":"functions"},"message":"[worker-~diagnostic~-dcb18860-033a-4411-88ed-1cce3fbe3872]: Assigning socketPath: \\\\?\\pipe\\C:\\Users\\GUILHERME PEDRO\\Desktop\\1-chat-4-all\\functions\\10428"}}
[debug] [2021-11-25T07:37:15.840Z] [worker-~diagnostic~-dcb18860-033a-4411-88ed-1cce3fbe3872]: BUSY {"metadata":{"emulator":{"name":"functions"},"message":"[worker-~diagnostic~-dcb18860-033a-4411-88ed-1cce3fbe3872]: BUSY"}}
[debug] [2021-11-25T07:37:17.226Z] [runtime-status] [10428] Functions runtime initialized. {"cwd":"C:\\Users\\GUILHERME PEDRO\\Desktop\\1-chat-4-all\\functions","node_version":"16.13.0"} {"metadata":{"emulator":{"name":"functions"},"message":"[runtime-status] [10428] Functions runtime initialized. {\"cwd\":\"C:\\\\Users\\\\GUILHERME PEDRO\\\\Desktop\\\\1-chat-4-all\\\\functions\",\"node_version\":\"16.13.0\"}"}}
[debug] [2021-11-25T07:37:17.230Z] [runtime-status] [10428] Disabled runtime features: undefined {"metadata":{"emulator":{"name":"functions"},"message":"[runtime-status] [10428] Disabled runtime features: undefined"}}
[debug] [2021-11-25T07:37:17.246Z] [runtime-status] [10428] Resolved module firebase-admin {"declared":true,"installed":true,"version":"9.12.0","resolution":"C:\\Users\\GUILHERME PEDRO\\Desktop\\1-chat-4-all\\functions\\node_modules\\firebase-admin\\lib\\index.js"} {"metadata":{"emulator":{"name":"functions"},"message":"[runtime-status] [10428] Resolved module firebase-admin {\"declared\":true,\"installed\":true,\"version\":\"9.12.0\",\"resolution\":\"C:\\\\Users\\\\GUILHERME PEDRO\\\\Desktop\\\\1-chat-4-all\\\\functions\\\\node_modules\\\\firebase-admin\\\\lib\\\\index.js\"}"}}
[debug] [2021-11-25T07:37:17.259Z] [runtime-status] [10428] Resolved module firebase-functions {"declared":true,"installed":true,"version":"3.16.0","resolution":"C:\\Users\\GUILHERME PEDRO\\Desktop\\1-chat-4-all\\functions\\node_modules\\firebase-functions\\lib\\index.js"} {"metadata":{"emulator":{"name":"functions"},"message":"[runtime-status] [10428] Resolved module firebase-functions {\"declared\":true,\"installed\":true,\"version\":\"3.16.0\",\"resolution\":\"C:\\\\Users\\\\GUILHERME PEDRO\\\\Desktop\\\\1-chat-4-all\\\\functions\\\\node_modules\\\\firebase-functions\\\\lib\\\\index.js\"}"}}
[debug] [2021-11-25T07:37:17.264Z] [runtime-status] [10428] Outgoing network have been stubbed. [{"name":"http","status":"mocked"},{"name":"http","status":"mocked"},{"name":"https","status":"mocked"},{"name":"https","status":"mocked"},{"name":"net","status":"mocked"}] {"metadata":{"emulator":{"name":"functions"},"message":"[runtime-status] [10428] Outgoing network have been stubbed. [{\"name\":\"http\",\"status\":\"mocked\"},{\"name\":\"http\",\"status\":\"mocked\"},{\"name\":\"https\",\"status\":\"mocked\"},{\"name\":\"https\",\"status\":\"mocked\"},{\"name\":\"net\",\"status\":\"mocked\"}]"}}
[debug] [2021-11-25T07:37:17.267Z] [runtime-status] [10428] Resolved module firebase-functions {"declared":true,"installed":true,"version":"3.16.0","resolution":"C:\\Users\\GUILHERME PEDRO\\Desktop\\1-chat-4-all\\functions\\node_modules\\firebase-functions\\lib\\index.js"} {"metadata":{"emulator":{"name":"functions"},"message":"[runtime-status] [10428] Resolved module firebase-functions {\"declared\":true,\"installed\":true,\"version\":\"3.16.0\",\"resolution\":\"C:\\\\Users\\\\GUILHERME PEDRO\\\\Desktop\\\\1-chat-4-all\\\\functions\\\\node_modules\\\\firebase-functions\\\\lib\\\\index.js\"}"}}
[debug] [2021-11-25T07:37:17.451Z] [runtime-status] [10428] Checked functions.config() {"config":{}} {"metadata":{"emulator":{"name":"functions"},"message":"[runtime-status] [10428] Checked functions.config() {\"config\":{}}"}}
[debug] [2021-11-25T07:37:17.451Z] [runtime-status] [10428] firebase-functions has been stubbed. {"functionsResolution":{"declared":true,"installed":true,"version":"3.16.0","resolution":"C:\\Users\\GUILHERME PEDRO\\Desktop\\1-chat-4-all\\functions\\node_modules\\firebase-functions\\lib\\index.js"}} {"metadata":{"emulator":{"name":"functions"},"message":"[runtime-status] [10428] firebase-functions has been stubbed. {\"functionsResolution\":{\"declared\":true,\"installed\":true,\"version\":\"3.16.0\",\"resolution\":\"C:\\\\Users\\\\GUILHERME PEDRO\\\\Desktop\\\\1-chat-4-all\\\\functions\\\\node_modules\\\\firebase-functions\\\\lib\\\\index.js\"}}"}}
[debug] [2021-11-25T07:37:17.454Z] [runtime-status] [10428] Resolved module firebase-functions {"declared":true,"installed":true,"version":"3.16.0","resolution":"C:\\Users\\GUILHERME PEDRO\\Desktop\\1-chat-4-all\\functions\\node_modules\\firebase-functions\\lib\\index.js"} {"metadata":{"emulator":{"name":"functions"},"message":"[runtime-status] [10428] Resolved module firebase-functions {\"declared\":true,\"installed\":true,\"version\":\"3.16.0\",\"resolution\":\"C:\\\\Users\\\\GUILHERME PEDRO\\\\Desktop\\\\1-chat-4-all\\\\functions\\\\node_modules\\\\firebase-functions\\\\lib\\\\index.js\"}"}}
[debug] [2021-11-25T07:37:17.457Z] [runtime-status] [10428] Resolved module firebase-admin {"declared":true,"installed":true,"version":"9.12.0","resolution":"C:\\Users\\GUILHERME PEDRO\\Desktop\\1-chat-4-all\\functions\\node_modules\\firebase-admin\\lib\\index.js"} {"metadata":{"emulator":{"name":"functions"},"message":"[runtime-status] [10428] Resolved module firebase-admin {\"declared\":true,\"installed\":true,\"version\":\"9.12.0\",\"resolution\":\"C:\\\\Users\\\\GUILHERME PEDRO\\\\Desktop\\\\1-chat-4-all\\\\functions\\\\node_modules\\\\firebase-admin\\\\lib\\\\index.js\"}"}}
[debug] [2021-11-25T07:37:17.459Z] [runtime-status] [10428] Resolved module firebase-functions {"declared":true,"installed":true,"version":"3.16.0","resolution":"C:\\Users\\GUILHERME PEDRO\\Desktop\\1-chat-4-all\\functions\\node_modules\\firebase-functions\\lib\\index.js"} {"metadata":{"emulator":{"name":"functions"},"message":"[runtime-status] [10428] Resolved module firebase-functions {\"declared\":true,\"installed\":true,\"version\":\"3.16.0\",\"resolution\":\"C:\\\\Users\\\\GUILHERME PEDRO\\\\Desktop\\\\1-chat-4-all\\\\functions\\\\node_modules\\\\firebase-functions\\\\lib\\\\index.js\"}"}}
[debug] [2021-11-25T07:37:17.461Z] [runtime-status] [10428] firebase-admin has been stubbed. {"adminResolution":{"declared":true,"installed":true,"version":"9.12.0","resolution":"C:\\Users\\GUILHERME PEDRO\\Desktop\\1-chat-4-all\\functions\\node_modules\\firebase-admin\\lib\\index.js"}} {"metadata":{"emulator":{"name":"functions"},"message":"[runtime-status] [10428] firebase-admin has been stubbed. {\"adminResolution\":{\"declared\":true,\"installed\":true,\"version\":\"9.12.0\",\"resolution\":\"C:\\\\Users\\\\GUILHERME PEDRO\\\\Desktop\\\\1-chat-4-all\\\\functions\\\\node_modules\\\\firebase-admin\\\\lib\\\\index.js\"}}"}}
[debug] [2021-11-25T07:37:17.468Z] >>> HTTP REQUEST PUT http://localhost:9000/.settings/rules.json?ns=guipedro-projetos-default-rtdb  
 {
  /* Visit https://firebase.google.com/docs/database/security to learn more about security rules. */
  "rules": {
    ".read": false,
    ".write": false
  }
}
[debug] [2021-11-25T07:37:17.470Z] [worker-~diagnostic~-dcb18860-033a-4411-88ed-1cce3fbe3872]: IDLE {"metadata":{"emulator":{"name":"functions"},"message":"[worker-~diagnostic~-dcb18860-033a-4411-88ed-1cce3fbe3872]: IDLE"}}
[debug] [2021-11-25T07:37:19.129Z] <<< HTTP RESPONSE 200 {"content-length":"15","content-type":"application/json; charset=utf-8","access-control-allow-origin":"*","cache-control":"no-cache","x-firebase-project-id":"guipedro-projetos-default-rtdb","x-firebase-project-number":"123456789","x-firebase-uuid":"c6dfb1ee-446c-4cb7-ac1e-948615afad7f"}
[info] 
┌─────────────────────────────────────────────────────────────┐
│ ✔  All emulators ready! It is now safe to connect your app. │
│ i  View Emulator UI at http://localhost:5010                │
└─────────────────────────────────────────────────────────────┘

┌───────────┬────────────────┬─────────────────────────────────┐
│ Emulator  │ Host:Port      │ View in Emulator UI             │
├───────────┼────────────────┼─────────────────────────────────┤
│ Functions │ localhost:5001 │ http://localhost:5010/functions │
├───────────┼────────────────┼─────────────────────────────────┤
│ Firestore │ localhost:8080 │ http://localhost:5010/firestore │
├───────────┼────────────────┼─────────────────────────────────┤
│ Database  │ localhost:9000 │ http://localhost:5010/database  │
├───────────┼────────────────┼─────────────────────────────────┤
│ Hosting   │ localhost:5000 │ n/a                             │
├───────────┼────────────────┼─────────────────────────────────┤
│ Storage   │ localhost:9199 │ http://localhost:5010/storage   │
└───────────┴────────────────┴─────────────────────────────────┘
  Emulator Hub running at localhost:4400
  Other reserved ports: 4500

Issues? Report them at https://github.com/firebase/firebase-tools/issues and attach the *-debug.log files.
 
[info] i  hosting: 127.0.0.1 - - [25/Nov/2021:07:37:48 +0000] "GET / HTTP/1.1" 200 4596 "-" "Mozilla/5.0 (Windows NT 10.0; Win64; x64) AppleWebKit/537.36 (KHTML, like Gecko) Chrome/96.0.4664.45 Safari/537.36" {"metadata":{"emulator":{"name":"hosting"},"message":"127.0.0.1 - - [25/Nov/2021:07:37:48 +0000] \"GET / HTTP/1.1\" 200 4596 \"-\" \"Mozilla/5.0 (Windows NT 10.0; Win64; x64) AppleWebKit/537.36 (KHTML, like Gecko) Chrome/96.0.4664.45 Safari/537.36\""}}
[debug] [2021-11-25T07:37:48.287Z] >>> [apiv2][query] GET https://www.gstatic.com/firebasejs/9.5.0/firebase-app-compat.js [none]
[debug] [2021-11-25T07:37:48.292Z] >>> [apiv2][query] GET https://www.gstatic.com/firebasejs/9.5.0/firebase-auth-compat.js [none]
[debug] [2021-11-25T07:37:48.385Z] <<< [apiv2][status] GET https://www.gstatic.com/firebasejs/9.5.0/firebase-app-compat.js 200
[debug] [2021-11-25T07:37:48.385Z] <<< [apiv2][body] GET https://www.gstatic.com/firebasejs/9.5.0/firebase-app-compat.js [stream]
[info] i  hosting: 127.0.0.1 - - [25/Nov/2021:07:37:48 +0000] "GET /__/firebase/9.5.0/firebase-app-compat.js HTTP/1.1" 200 17887 "http://localhost:5000/" "Mozilla/5.0 (Windows NT 10.0; Win64; x64) AppleWebKit/537.36 (KHTML, like Gecko) Chrome/96.0.4664.45 Safari/537.36" {"metadata":{"emulator":{"name":"hosting"},"message":"127.0.0.1 - - [25/Nov/2021:07:37:48 +0000] \"GET /__/firebase/9.5.0/firebase-app-compat.js HTTP/1.1\" 200 17887 \"http://localhost:5000/\" \"Mozilla/5.0 (Windows NT 10.0; Win64; x64) AppleWebKit/537.36 (KHTML, like Gecko) Chrome/96.0.4664.45 Safari/537.36\""}}
[debug] [2021-11-25T07:37:48.485Z] <<< [apiv2][status] GET https://www.gstatic.com/firebasejs/9.5.0/firebase-auth-compat.js 200
[debug] [2021-11-25T07:37:48.485Z] <<< [apiv2][body] GET https://www.gstatic.com/firebasejs/9.5.0/firebase-auth-compat.js [stream]
[info] i  hosting: 127.0.0.1 - - [25/Nov/2021:07:37:48 +0000] "GET /__/firebase/9.5.0/firebase-auth-compat.js HTTP/1.1" 200 122868 "http://localhost:5000/" "Mozilla/5.0 (Windows NT 10.0; Win64; x64) AppleWebKit/537.36 (KHTML, like Gecko) Chrome/96.0.4664.45 Safari/537.36" {"metadata":{"emulator":{"name":"hosting"},"message":"127.0.0.1 - - [25/Nov/2021:07:37:48 +0000] \"GET /__/firebase/9.5.0/firebase-auth-compat.js HTTP/1.1\" 200 122868 \"http://localhost:5000/\" \"Mozilla/5.0 (Windows NT 10.0; Win64; x64) AppleWebKit/537.36 (KHTML, like Gecko) Chrome/96.0.4664.45 Safari/537.36\""}}
[debug] [2021-11-25T07:37:48.606Z] >>> [apiv2][query] GET https://www.gstatic.com/firebasejs/9.5.0/firebase-database-compat.js [none]
[debug] [2021-11-25T07:37:48.610Z] >>> [apiv2][query] GET https://www.gstatic.com/firebasejs/9.5.0/firebase-functions-compat.js [none]
[debug] [2021-11-25T07:37:48.616Z] >>> [apiv2][query] GET https://www.gstatic.com/firebasejs/9.5.0/firebase-firestore-compat.js [none]
[debug] [2021-11-25T07:37:48.710Z] <<< [apiv2][status] GET https://www.gstatic.com/firebasejs/9.5.0/firebase-functions-compat.js 200
[debug] [2021-11-25T07:37:48.710Z] <<< [apiv2][body] GET https://www.gstatic.com/firebasejs/9.5.0/firebase-functions-compat.js [stream]
[info] i  hosting: 127.0.0.1 - - [25/Nov/2021:07:37:48 +0000] "GET /__/firebase/9.5.0/firebase-functions-compat.js HTTP/1.1" 200 7947 "http://localhost:5000/" "Mozilla/5.0 (Windows NT 10.0; Win64; x64) AppleWebKit/537.36 (KHTML, like Gecko) Chrome/96.0.4664.45 Safari/537.36" {"metadata":{"emulator":{"name":"hosting"},"message":"127.0.0.1 - - [25/Nov/2021:07:37:48 +0000] \"GET /__/firebase/9.5.0/firebase-functions-compat.js HTTP/1.1\" 200 7947 \"http://localhost:5000/\" \"Mozilla/5.0 (Windows NT 10.0; Win64; x64) AppleWebKit/537.36 (KHTML, like Gecko) Chrome/96.0.4664.45 Safari/537.36\""}}
[debug] [2021-11-25T07:37:48.723Z] <<< [apiv2][status] GET https://www.gstatic.com/firebasejs/9.5.0/firebase-firestore-compat.js 200
[debug] [2021-11-25T07:37:48.723Z] <<< [apiv2][body] GET https://www.gstatic.com/firebasejs/9.5.0/firebase-firestore-compat.js [stream]
[debug] [2021-11-25T07:37:48.734Z] <<< [apiv2][status] GET https://www.gstatic.com/firebasejs/9.5.0/firebase-database-compat.js 200
[debug] [2021-11-25T07:37:48.734Z] <<< [apiv2][body] GET https://www.gstatic.com/firebasejs/9.5.0/firebase-database-compat.js [stream]
[info] i  hosting: 127.0.0.1 - - [25/Nov/2021:07:37:48 +0000] "GET /__/firebase/9.5.0/firebase-firestore-compat.js HTTP/1.1" 200 277960 "http://localhost:5000/" "Mozilla/5.0 (Windows NT 10.0; Win64; x64) AppleWebKit/537.36 (KHTML, like Gecko) Chrome/96.0.4664.45 Safari/537.36" {"metadata":{"emulator":{"name":"hosting"},"message":"127.0.0.1 - - [25/Nov/2021:07:37:48 +0000] \"GET /__/firebase/9.5.0/firebase-firestore-compat.js HTTP/1.1\" 200 277960 \"http://localhost:5000/\" \"Mozilla/5.0 (Windows NT 10.0; Win64; x64) AppleWebKit/537.36 (KHTML, like Gecko) Chrome/96.0.4664.45 Safari/537.36\""}}
[info] i  hosting: 127.0.0.1 - - [25/Nov/2021:07:37:48 +0000] "GET /__/firebase/9.5.0/firebase-database-compat.js HTTP/1.1" 200 165337 "http://localhost:5000/" "Mozilla/5.0 (Windows NT 10.0; Win64; x64) AppleWebKit/537.36 (KHTML, like Gecko) Chrome/96.0.4664.45 Safari/537.36" {"metadata":{"emulator":{"name":"hosting"},"message":"127.0.0.1 - - [25/Nov/2021:07:37:48 +0000] \"GET /__/firebase/9.5.0/firebase-database-compat.js HTTP/1.1\" 200 165337 \"http://localhost:5000/\" \"Mozilla/5.0 (Windows NT 10.0; Win64; x64) AppleWebKit/537.36 (KHTML, like Gecko) Chrome/96.0.4664.45 Safari/537.36\""}}
[debug] [2021-11-25T07:37:48.884Z] >>> [apiv2][query] GET https://www.gstatic.com/firebasejs/9.5.0/firebase-messaging-compat.js [none]
[debug] [2021-11-25T07:37:48.888Z] >>> [apiv2][query] GET https://www.gstatic.com/firebasejs/9.5.0/firebase-storage-compat.js [none]
[debug] [2021-11-25T07:37:48.891Z] >>> [apiv2][query] GET https://www.gstatic.com/firebasejs/9.5.0/firebase-analytics-compat.js [none]
[debug] [2021-11-25T07:37:48.895Z] >>> [apiv2][query] GET https://www.gstatic.com/firebasejs/9.5.0/firebase-remote-config-compat.js [none]
[debug] [2021-11-25T07:37:48.898Z] >>> [apiv2][query] GET https://www.gstatic.com/firebasejs/9.5.0/firebase-performance-compat.js [none]
[info] i  hosting: 127.0.0.1 - - [25/Nov/2021:07:37:48 +0000] "GET /__/firebase/init.js?useEmulator=true HTTP/1.1" 200 - "http://localhost:5000/" "Mozilla/5.0 (Windows NT 10.0; Win64; x64) AppleWebKit/537.36 (KHTML, like Gecko) Chrome/96.0.4664.45 Safari/537.36" {"metadata":{"emulator":{"name":"hosting"},"message":"127.0.0.1 - - [25/Nov/2021:07:37:48 +0000] \"GET /__/firebase/init.js?useEmulator=true HTTP/1.1\" 200 - \"http://localhost:5000/\" \"Mozilla/5.0 (Windows NT 10.0; Win64; x64) AppleWebKit/537.36 (KHTML, like Gecko) Chrome/96.0.4664.45 Safari/537.36\""}}
[debug] [2021-11-25T07:37:48.985Z] <<< [apiv2][status] GET https://www.gstatic.com/firebasejs/9.5.0/firebase-remote-config-compat.js 200
[debug] [2021-11-25T07:37:48.985Z] <<< [apiv2][body] GET https://www.gstatic.com/firebasejs/9.5.0/firebase-remote-config-compat.js [stream]
[debug] [2021-11-25T07:37:48.993Z] <<< [apiv2][status] GET https://www.gstatic.com/firebasejs/9.5.0/firebase-messaging-compat.js 200
[debug] [2021-11-25T07:37:48.993Z] <<< [apiv2][body] GET https://www.gstatic.com/firebasejs/9.5.0/firebase-messaging-compat.js [stream]
[debug] [2021-11-25T07:37:49.002Z] <<< [apiv2][status] GET https://www.gstatic.com/firebasejs/9.5.0/firebase-storage-compat.js 200
[debug] [2021-11-25T07:37:49.002Z] <<< [apiv2][body] GET https://www.gstatic.com/firebasejs/9.5.0/firebase-storage-compat.js [stream]
[info] i  hosting: 127.0.0.1 - - [25/Nov/2021:07:37:49 +0000] "GET /__/firebase/9.5.0/firebase-messaging-compat.js HTTP/1.1" 200 37955 "http://localhost:5000/" "Mozilla/5.0 (Windows NT 10.0; Win64; x64) AppleWebKit/537.36 (KHTML, like Gecko) Chrome/96.0.4664.45 Safari/537.36" {"metadata":{"emulator":{"name":"hosting"},"message":"127.0.0.1 - - [25/Nov/2021:07:37:49 +0000] \"GET /__/firebase/9.5.0/firebase-messaging-compat.js HTTP/1.1\" 200 37955 \"http://localhost:5000/\" \"Mozilla/5.0 (Windows NT 10.0; Win64; x64) AppleWebKit/537.36 (KHTML, like Gecko) Chrome/96.0.4664.45 Safari/537.36\""}}
[info] i  hosting: 127.0.0.1 - - [25/Nov/2021:07:37:49 +0000] "GET /__/firebase/9.5.0/firebase-storage-compat.js HTTP/1.1" 200 38244 "http://localhost:5000/" "Mozilla/5.0 (Windows NT 10.0; Win64; x64) AppleWebKit/537.36 (KHTML, like Gecko) Chrome/96.0.4664.45 Safari/537.36" {"metadata":{"emulator":{"name":"hosting"},"message":"127.0.0.1 - - [25/Nov/2021:07:37:49 +0000] \"GET /__/firebase/9.5.0/firebase-storage-compat.js HTTP/1.1\" 200 38244 \"http://localhost:5000/\" \"Mozilla/5.0 (Windows NT 10.0; Win64; x64) AppleWebKit/537.36 (KHTML, like Gecko) Chrome/96.0.4664.45 Safari/537.36\""}}
[info] i  hosting: 127.0.0.1 - - [25/Nov/2021:07:37:49 +0000] "GET /__/firebase/9.5.0/firebase-remote-config-compat.js HTTP/1.1" 200 27493 "http://localhost:5000/" "Mozilla/5.0 (Windows NT 10.0; Win64; x64) AppleWebKit/537.36 (KHTML, like Gecko) Chrome/96.0.4664.45 Safari/537.36" {"metadata":{"emulator":{"name":"hosting"},"message":"127.0.0.1 - - [25/Nov/2021:07:37:49 +0000] \"GET /__/firebase/9.5.0/firebase-remote-config-compat.js HTTP/1.1\" 200 27493 \"http://localhost:5000/\" \"Mozilla/5.0 (Windows NT 10.0; Win64; x64) AppleWebKit/537.36 (KHTML, like Gecko) Chrome/96.0.4664.45 Safari/537.36\""}}
[debug] [2021-11-25T07:37:49.589Z] <<< [apiv2][status] GET https://www.gstatic.com/firebasejs/9.5.0/firebase-analytics-compat.js 200
[debug] [2021-11-25T07:37:49.589Z] <<< [apiv2][body] GET https://www.gstatic.com/firebasejs/9.5.0/firebase-analytics-compat.js [stream]
[info] i  hosting: 127.0.0.1 - - [25/Nov/2021:07:37:49 +0000] "GET /__/firebase/9.5.0/firebase-analytics-compat.js HTTP/1.1" 200 26026 "http://localhost:5000/" "Mozilla/5.0 (Windows NT 10.0; Win64; x64) AppleWebKit/537.36 (KHTML, like Gecko) Chrome/96.0.4664.45 Safari/537.36" {"metadata":{"emulator":{"name":"hosting"},"message":"127.0.0.1 - - [25/Nov/2021:07:37:49 +0000] \"GET /__/firebase/9.5.0/firebase-analytics-compat.js HTTP/1.1\" 200 26026 \"http://localhost:5000/\" \"Mozilla/5.0 (Windows NT 10.0; Win64; x64) AppleWebKit/537.36 (KHTML, like Gecko) Chrome/96.0.4664.45 Safari/537.36\""}}
[debug] [2021-11-25T07:37:50.349Z] <<< [apiv2][status] GET https://www.gstatic.com/firebasejs/9.5.0/firebase-performance-compat.js 200
[debug] [2021-11-25T07:37:50.349Z] <<< [apiv2][body] GET https://www.gstatic.com/firebasejs/9.5.0/firebase-performance-compat.js [stream]
[info] i  hosting: 127.0.0.1 - - [25/Nov/2021:07:37:50 +0000] "GET /__/firebase/9.5.0/firebase-performance-compat.js HTTP/1.1" 200 30801 "http://localhost:5000/" "Mozilla/5.0 (Windows NT 10.0; Win64; x64) AppleWebKit/537.36 (KHTML, like Gecko) Chrome/96.0.4664.45 Safari/537.36" {"metadata":{"emulator":{"name":"hosting"},"message":"127.0.0.1 - - [25/Nov/2021:07:37:50 +0000] \"GET /__/firebase/9.5.0/firebase-performance-compat.js HTTP/1.1\" 200 30801 \"http://localhost:5000/\" \"Mozilla/5.0 (Windows NT 10.0; Win64; x64) AppleWebKit/537.36 (KHTML, like Gecko) Chrome/96.0.4664.45 Safari/537.36\""}}
[info] i  hosting: 127.0.0.1 - - [25/Nov/2021:07:37:50 +0000] "GET /favicon.ico HTTP/1.1" 200 3870 "http://localhost:5000/" "Mozilla/5.0 (Windows NT 10.0; Win64; x64) AppleWebKit/537.36 (KHTML, like Gecko) Chrome/96.0.4664.45 Safari/537.36" {"metadata":{"emulator":{"name":"hosting"},"message":"127.0.0.1 - - [25/Nov/2021:07:37:50 +0000] \"GET /favicon.ico HTTP/1.1\" 200 3870 \"http://localhost:5000/\" \"Mozilla/5.0 (Windows NT 10.0; Win64; x64) AppleWebKit/537.36 (KHTML, like Gecko) Chrome/96.0.4664.45 Safari/537.36\""}}
